--------------------------------------------------------------------------------------------------------------------------------
      name:  <unnamed>
       log:  J:/WORK/01_covariates/02_inputs/water_sanitation/code/01_Data_Audit/run_all.log
  log type:  text
 opened on:  10 Feb 2014, 14:48:22

. 
.         ** create necessary output folders
.         cap mkdir "${data_folder}/LSMS"

.         cap mkdir "${data_folder}/LSMS/Merged Original Files"

.         cap mkdir "${data_folder}/Other"

.         cap mkdir "${data_folder}/Other/Merged Original Files"

.         cap mkdir "${data_folder}/CHNS"

.         cap mkdir "${data_folder}/CHNS/Merged Original Files"

.         cap mkdir "${data_folder}/Reports"

.         cap mkdir "${data_folder}/Compiled"

. 
.         ** call do files to prepare data                
.                 // 1) standardize LSMS survey data
.                 if regexm("`steps_to_run'", "lsms") {
.                         di in red _newline _newline "Standardizing LSMS microdata..."
.                         local do_files: dir "${code_folder}/01.Standardize LSMS" files "*.do", respectcase
.                         foreach f of local do_files {
  2.                                 di in red "`f'"
  3.                                 do "${code_folder}/01.Standardize LSMS/`f'"
  4.                         }
.                 }

.                 
.                 // 2) standardize other (mainly country-specific) surveys
.                 if regexm("`steps_to_run'", "other") {
.                         di in red _newline _newline "Standardizing other microdata..."
.                         local do_files: dir "${code_folder}/02.Standardize Other Surveys" files "*.do", respectcase
.                         foreach f of local do_files {
  2.                                 di in red "`f'"
  3.                                 do "${code_folder}/02.Standardize Other Surveys/`f'"
  4.                         }
.                 }

.                         
.                 // 3) construct list of files/surveys to process
.                 if regexm("`steps_to_run'", "extract") {
.                         di in red _newline _newline "Extracting file list for survey families..."
.                         local do_files: dir "${code_folder}/03.Extract Files" files "*.do", respectcase
.                         foreach f of local do_files {
  2.                                 di in red "`f'"
  3.                                 do "${code_folder}/03.Extract Files/`f'"
  4.                         }
.                 }

.                 
.                 // 4) find variables within surveys
.                 if regexm("`steps_to_run'", "lookfor") {
.                         di in red _newline _newline "Looking for variables within survey families..."


Looking for variables within survey families...
.                         local do_files: dir "${code_folder}/04.Look for Variables" files "*.do", respectcase
.                         foreach f of local do_files {
  2.                                 di in red "`f'"
  3.                                 do "${code_folder}/04.Look for Variables/`f'"
  4.                                 count if w_srcedrnk == "" & t_type == ""
  5.                                 if `r(N)' != 0 {
  6.                                         di in red "WARNING: Survey family `i' has observations without either water or sani
> tation variables."
  7.                                         pause
  8.                                 }
  9.                         }
lookfor_vars_mis.do

. // File Name: lookfor_vars_mis.do
. 
. // File Purpose: Look for appropriate variables in MIS surveys
. // Author: Leslie Mallinger
. // Date: 6/16/10
. // Edited on: 1/4/2011 (updated to reflect new file paths)
. 
. // Additional Comments: 
. 
. 
. clear all

. set mem 700m
set memory ignored.
    Memory no longer needs to be set in modern Statas; memory adjustments are performed on the fly automatically.

. set maxvar 8000


. set more off

. capture log close
